2017-12-22 09:03:47 INFO => topic: Position Info msg: You have the following position:
BTC: 0
USD: 0.00931383175115
Side: USD
2017-12-22 09:03:48 INFO => topic: Trade Logic msg: Executing a 'buy' order at: 12749.14
2017-12-22 09:03:48 INFO => topic: Trade Logic msg: Executing a 'sell' order at: 12749.13
2017-12-22 09:03:59 INFO => topic: Trade Logic msg: Executing a 'buy' order at: 12750
2017-12-22 09:04:33 INFO => topic: Trade Logic msg: Executing a 'sell' order at: 12740.04
2017-12-22 09:04:48 INFO => topic: Trade Logic msg: Executing a 'buy' order at: 12788.38
2017-12-22 09:04:51 INFO => topic: Trade Logic msg: Executing a 'sell' order at: 12734.87
2017-12-22 09:04:52 INFO => topic: Trade Logic msg: Executing a 'buy' order at: 12788.38
2017-12-22 09:31:46 INFO => topic: Trade Logic msg: Executing a 'sell' order at: 12543.55
2017-12-22 09:41:48 INFO => topic: Trade Logic msg: Executing a 'buy' order at: 13070
2017-12-23 02:02:03 ERROR => topic: Websocket Error msg: websocket closed unexpectedly with data: undefined. Attempting to re-connect.
2017-12-23 02:02:03 DEBUG => topic: Trade Logic msg: Got a message that wasn't a match: {"type":"last_match","trade_id":30046276,"maker_order_id":"918c3b48-7654-4bea-80ed-ee89f2f94fd6","taker_order_id":"7068417c-768a-4641-b43e-2b8e643c54f8","side":"sell","size":"0.86740023","price":"14650.00000000","product_id":"BTC-USD","sequence":4637118701,"time":"2017-12-23T09:02:02.211000Z"}
2017-12-23 02:02:03 DEBUG => topic: Trade Logic msg: Got a message that wasn't a match: {"type":"subscriptions","channels":[{"name":"user","product_ids":["BTC-USD"]},{"name":"matches","product_ids":["BTC-USD"]}]}
2017-12-23 02:33:01 ERROR => topic: Websocket Error msg: websocket closed unexpectedly with data: undefined. Attempting to re-connect.
2017-12-23 02:33:01 DEBUG => topic: Trade Logic msg: Got a message that wasn't a match: {"type":"last_match","trade_id":30049507,"maker_order_id":"07adbc02-ba8e-4474-9b85-952c719c623c","taker_order_id":"ff1fe129-028e-4f85-85d2-d5bdfec5ae98","side":"buy","size":"0.05514923","price":"14670.01000000","product_id":"BTC-USD","sequence":4637425024,"time":"2017-12-23T09:33:00.688000Z"}
2017-12-23 02:33:01 DEBUG => topic: Trade Logic msg: Got a message that wasn't a match: {"type":"subscriptions","channels":[{"name":"user","product_ids":["BTC-USD"]},{"name":"matches","product_ids":["BTC-USD"]}]}
2017-12-23 11:51:11 ERROR => topic: Websocket Error msg: websocket closed unexpectedly with data: undefined. Attempting to re-connect.
2017-12-23 11:51:11 DEBUG => topic: Trade Logic msg: Got a message that wasn't a match: {"type":"last_match","trade_id":30132140,"maker_order_id":"168feb0c-aac9-42ca-a76f-fcf8242394f8","taker_order_id":"57c98688-d71c-4fcd-9e55-e5511d691329","side":"buy","size":"0.20000000","price":"15622.76000000","product_id":"BTC-USD","sequence":4641749219,"time":"2017-12-23T18:51:10.985000Z"}
2017-12-23 11:51:11 DEBUG => topic: Trade Logic msg: Got a message that wasn't a match: {"type":"subscriptions","channels":[{"name":"user","product_ids":["BTC-USD"]},{"name":"matches","product_ids":["BTC-USD"]}]}
2017-12-23 16:47:45 INFO => topic: Trade Logic msg: Executing a 'sell' order at: 14895
2017-12-24 16:24:56 INFO => topic: Trade Logic msg: Executing a 'buy' order at: 14150.01
2017-12-24 19:44:39 INFO => topic: Trade Logic msg: Executing a 'sell' order at: 13737.94
2017-12-24 21:58:34 INFO => topic: Trade Logic msg: Executing a 'buy' order at: 14168.98
2017-12-25 03:18:16 ERROR => topic: Websocket Error msg: websocket closed unexpectedly with data: undefined. Attempting to re-connect.
2017-12-25 03:18:16 DEBUG => topic: Trade Logic msg: Got a message that wasn't a match: {"type":"last_match","trade_id":30385871,"maker_order_id":"39c309e1-aaac-4ceb-91a6-b4f21a222a04","taker_order_id":"3c583255-6a82-4f18-a1dc-a39c50488a7c","side":"buy","size":"0.02310000","price":"14386.54000000","product_id":"BTC-USD","sequence":4660420389,"time":"2017-12-25T10:18:14.112000Z"}
2017-12-25 03:18:16 DEBUG => topic: Trade Logic msg: Got a message that wasn't a match: {"type":"subscriptions","channels":[{"name":"user","product_ids":["BTC-USD"]},{"name":"matches","product_ids":["BTC-USD"]}]}
2017-12-25 04:08:54 ERROR => topic: Websocket Error msg: websocket closed unexpectedly with data: undefined. Attempting to re-connect.
2017-12-25 04:08:54 DEBUG => topic: Trade Logic msg: Got a message that wasn't a match: {"type":"last_match","trade_id":30388029,"maker_order_id":"7ceb95df-8c2a-4b86-9a0f-129969545e17","taker_order_id":"8c839b55-9dc7-471b-8f7c-a57352713764","side":"sell","size":"0.06000000","price":"14319.94000000","product_id":"BTC-USD","sequence":4660754322,"time":"2017-12-25T11:08:45.872000Z"}
2017-12-25 04:08:54 DEBUG => topic: Trade Logic msg: Got a message that wasn't a match: {"type":"subscriptions","channels":[{"name":"user","product_ids":["BTC-USD"]},{"name":"matches","product_ids":["BTC-USD"]}]}
2017-12-25 07:45:29 INFO => topic: Trade Logic msg: Executing a 'sell' order at: 13920.07
2017-12-25 09:49:20 INFO => topic: Trade Logic msg: Executing a 'buy' order at: 14298.69
2017-12-25 10:10:31 ERROR => topic: Websocket Error msg: websocket closed unexpectedly with data: undefined. Attempting to re-connect.
2017-12-25 10:10:31 DEBUG => topic: Trade Logic msg: Got a message that wasn't a match: {"type":"last_match","trade_id":30419561,"maker_order_id":"b73d6b84-41a7-4aa1-9ca6-b77fd810008b","taker_order_id":"72d9e6ed-ef45-4fd0-a131-0fb6623357e6","side":"sell","size":"0.01000000","price":"14290.00000000","product_id":"BTC-USD","sequence":4663242240,"time":"2017-12-25T17:10:31.462000Z"}
2017-12-25 10:10:31 DEBUG => topic: Trade Logic msg: Got a message that wasn't a match: {"type":"subscriptions","channels":[{"name":"user","product_ids":["BTC-USD"]},{"name":"matches","product_ids":["BTC-USD"]}]}
2017-12-25 10:39:05 INFO => topic: Trade Logic msg: Executing a 'sell' order at: 14060.02
2017-12-25 11:33:58 INFO => topic: Trade Logic msg: Executing a 'buy' order at: 14276.97
2017-12-25 14:00:12 INFO => topic: Trade Logic msg: Executing a 'sell' order at: 14070.01
2017-12-25 15:47:31 ERROR => topic: Websocket Error msg: websocket closed unexpectedly with data: undefined. Attempting to re-connect.
2017-12-25 15:47:32 DEBUG => topic: Trade Logic msg: Got a message that wasn't a match: {"type":"last_match","trade_id":30443488,"maker_order_id":"ae9dc880-8749-4b42-9913-771f6bbff0f0","taker_order_id":"74068fa5-2b09-4bc6-81ea-ac1124c20512","side":"sell","size":"0.23288591","price":"14028.00000000","product_id":"BTC-USD","sequence":4665337063,"time":"2017-12-25T22:47:23.472000Z"}
2017-12-25 15:47:32 DEBUG => topic: Trade Logic msg: Got a message that wasn't a match: {"type":"subscriptions","channels":[{"name":"user","product_ids":["BTC-USD"]},{"name":"matches","product_ids":["BTC-USD"]}]}
2017-12-25 17:49:57 INFO => topic: Trade Logic msg: Executing a 'buy' order at: 14250
2017-12-26 17:53:26 ERROR => topic: Websocket Error msg: websocket closed unexpectedly with data: undefined. Attempting to re-connect.
2017-12-26 17:53:26 DEBUG => topic: Trade Logic msg: Got a message that wasn't a match: {"type":"last_match","trade_id":30605132,"maker_order_id":"198be0d1-faed-4936-8871-2dbe08114ec4","taker_order_id":"73628d61-f6fd-48a1-aca7-151ac08cf974","side":"sell","size":"0.03887938","price":"15772.37000000","product_id":"BTC-USD","sequence":4676922446,"time":"2017-12-27T00:53:24.669000Z"}
2017-12-26 17:53:26 DEBUG => topic: Trade Logic msg: Got a message that wasn't a match: {"type":"subscriptions","channels":[{"name":"user","product_ids":["BTC-USD"]},{"name":"matches","product_ids":["BTC-USD"]}]}
2017-12-26 19:56:25 ERROR => topic: Websocket Error msg: websocket closed unexpectedly with data: undefined. Attempting to re-connect.
2017-12-26 19:56:25 DEBUG => topic: Trade Logic msg: Got a message that wasn't a match: {"type":"last_match","trade_id":30613833,"maker_order_id":"80b3c807-bcf5-4113-9475-17f3a078809a","taker_order_id":"9413f899-48a8-4601-b83a-f4c698a11c6f","side":"sell","size":"0.63990000","price":"15838.00000000","product_id":"BTC-USD","sequence":4677626487,"time":"2017-12-27T02:56:20.863000Z"}
2017-12-26 19:56:25 DEBUG => topic: Trade Logic msg: Got a message that wasn't a match: {"type":"subscriptions","channels":[{"name":"user","product_ids":["BTC-USD"]},{"name":"matches","product_ids":["BTC-USD"]}]}
2017-12-27 03:11:34 INFO => topic: Trade Logic msg: Executing a 'sell' order at: 15908.68
2017-12-27 04:46:10 ERROR => topic: Websocket Error msg: websocket closed unexpectedly with data: undefined. Attempting to re-connect.
2017-12-27 04:46:10 DEBUG => topic: Trade Logic msg: Got a message that wasn't a match: {"type":"last_match","trade_id":30672301,"maker_order_id":"8b94b2f2-13c0-4b6b-afa2-04a166bc3fe3","taker_order_id":"6c7c6fa5-aea7-40cc-a437-b244ecdd2ac6","side":"sell","size":"0.03372671","price":"15790.00000000","product_id":"BTC-USD","sequence":4681184761,"time":"2017-12-27T11:46:09.305000Z"}
2017-12-27 04:46:10 DEBUG => topic: Trade Logic msg: Got a message that wasn't a match: {"type":"subscriptions","channels":[{"name":"user","product_ids":["BTC-USD"]},{"name":"matches","product_ids":["BTC-USD"]}]}
2017-12-27 08:19:35 ERROR => topic: Websocket Error msg: websocket closed unexpectedly with data: undefined. Attempting to re-connect.
2017-12-27 08:19:35 DEBUG => topic: Trade Logic msg: Got a message that wasn't a match: {"type":"last_match","trade_id":30701972,"maker_order_id":"e6b0ce02-1ea8-4f7e-89a7-476a7e2248ff","taker_order_id":"ab26c1b2-d923-4cba-9318-e914116566fc","side":"buy","size":"0.21253000","price":"15273.85000000","product_id":"BTC-USD","sequence":4682610542,"time":"2017-12-27T15:19:34.572000Z"}
2017-12-27 08:19:35 DEBUG => topic: Trade Logic msg: Got a message that wasn't a match: {"type":"subscriptions","channels":[{"name":"user","product_ids":["BTC-USD"]},{"name":"matches","product_ids":["BTC-USD"]}]}
2017-12-27 13:58:49 ERROR => topic: Websocket Error msg: websocket closed unexpectedly with data: undefined. Attempting to re-connect.
2017-12-27 13:58:49 DEBUG => topic: Trade Logic msg: Got a message that wasn't a match: {"type":"last_match","trade_id":30758541,"maker_order_id":"39f55511-dcfa-4c59-bf09-8f2c314e5e5d","taker_order_id":"7d3dfa56-77f4-4009-bc8b-a79c41302048","side":"sell","size":"0.06739906","price":"14800.00000000","product_id":"BTC-USD","sequence":4685562632,"time":"2017-12-27T20:58:47.266000Z"}
2017-12-27 13:58:49 DEBUG => topic: Trade Logic msg: Got a message that wasn't a match: {"type":"subscriptions","channels":[{"name":"user","product_ids":["BTC-USD"]},{"name":"matches","product_ids":["BTC-USD"]}]}
2017-12-27 16:50:36 INFO => topic: Trade Logic msg: Executing a 'buy' order at: 15430.01
2017-12-27 17:50:41 INFO => topic: Trade Logic msg: Executing a 'sell' order at: 15105.03
2017-12-27 18:49:56 INFO => topic: Trade Logic msg: Executing a 'buy' order at: 15383.95
2017-12-27 19:38:32 INFO => topic: Trade Logic msg: Executing a 'sell' order at: 14989.99
2017-12-27 23:50:42 ERROR => topic: Websocket Error msg: websocket closed unexpectedly with data: undefined. Attempting to re-connect.
2017-12-27 23:50:42 DEBUG => topic: Trade Logic msg: Got a message that wasn't a match: {"type":"last_match","trade_id":30865118,"maker_order_id":"c310b449-d954-49f9-b234-b8616b6a0a9b","taker_order_id":"ae20e2c1-af10-495b-aa41-e44378254032","side":"sell","size":"0.00428881","price":"13955.00000000","product_id":"BTC-USD","sequence":4690362273,"time":"2017-12-28T06:50:42.167000Z"}
2017-12-27 23:50:42 DEBUG => topic: Trade Logic msg: Got a message that wasn't a match: {"type":"subscriptions","channels":[{"name":"user","product_ids":["BTC-USD"]},{"name":"matches","product_ids":["BTC-USD"]}]}
2017-12-28 00:14:37 ERROR => topic: Websocket Error msg: websocket closed unexpectedly with data: undefined. Attempting to re-connect.
2017-12-28 00:14:37 DEBUG => topic: Trade Logic msg: Got a message that wasn't a match: {"type":"last_match","trade_id":30867943,"maker_order_id":"5b126674-470b-4808-884d-9393929a9806","taker_order_id":"c9efaf1e-d244-4f35-ba6c-7c9bee95a388","side":"sell","size":"0.01404926","price":"14200.12000000","product_id":"BTC-USD","sequence":4690547819,"time":"2017-12-28T07:14:35.117000Z"}
2017-12-28 00:14:37 DEBUG => topic: Trade Logic msg: Got a message that wasn't a match: {"type":"subscriptions","channels":[{"name":"user","product_ids":["BTC-USD"]},{"name":"matches","product_ids":["BTC-USD"]}]}
2017-12-28 00:46:00 ERROR => topic: Websocket Error msg: websocket closed unexpectedly with data: undefined. Attempting to re-connect.
2017-12-28 00:46:00 DEBUG => topic: Trade Logic msg: Got a message that wasn't a match: {"type":"last_match","trade_id":30871795,"maker_order_id":"74ff43c7-7fe2-43b0-a731-ac6e8968c203","taker_order_id":"99f88b03-5355-4c63-bcdb-d5927237e755","side":"buy","size":"0.00010000","price":"14344.96000000","product_id":"BTC-USD","sequence":4690766289,"time":"2017-12-28T07:45:56.240000Z"}
2017-12-28 00:46:00 DEBUG => topic: Trade Logic msg: Got a message that wasn't a match: {"type":"subscriptions","channels":[{"name":"user","product_ids":["BTC-USD"]},{"name":"matches","product_ids":["BTC-USD"]}]}
2017-12-28 01:56:41 ERROR => topic: Websocket Error msg: websocket closed unexpectedly with data: undefined. Attempting to re-connect.
2017-12-28 01:56:41 DEBUG => topic: Trade Logic msg: Got a message that wasn't a match: {"type":"last_match","trade_id":30878044,"maker_order_id":"430b58c8-f1b7-4502-b11e-3e809f6f11a0","taker_order_id":"4ccbd7a8-1908-44f8-b811-22a1e15f79e8","side":"buy","size":"0.19092755","price":"14243.66000000","product_id":"BTC-USD","sequence":4691276411,"time":"2017-12-28T08:56:37.930000Z"}
2017-12-28 01:56:41 DEBUG => topic: Trade Logic msg: Got a message that wasn't a match: {"type":"subscriptions","channels":[{"name":"user","product_ids":["BTC-USD"]},{"name":"matches","product_ids":["BTC-USD"]}]}
2017-12-28 04:22:45 ERROR => topic: Websocket Error msg: websocket closed unexpectedly with data: undefined. Attempting to re-connect.
2017-12-28 04:22:46 DEBUG => topic: Trade Logic msg: Got a message that wasn't a match: {"type":"last_match","trade_id":30891330,"maker_order_id":"637b39a6-fc9e-4278-b7ad-3d89e53ee86a","taker_order_id":"8df60924-7e3e-46c0-9d2d-aa778e6947d8","side":"sell","size":"0.06053046","price":"13871.04000000","product_id":"BTC-USD","sequence":4692438246,"time":"2017-12-28T11:22:46.036000Z"}
2017-12-28 04:22:46 DEBUG => topic: Trade Logic msg: Got a message that wasn't a match: {"type":"subscriptions","channels":[{"name":"user","product_ids":["BTC-USD"]},{"name":"matches","product_ids":["BTC-USD"]}]}
2017-12-28 07:07:43 ERROR => topic: Websocket Error msg: websocket closed unexpectedly with data: undefined. Attempting to re-connect.
2017-12-28 07:07:43 DEBUG => topic: Trade Logic msg: Got a message that wasn't a match: {"type":"last_match","trade_id":30910063,"maker_order_id":"535fd21e-5775-4ed3-a23e-bfe557abc3d2","taker_order_id":"18dbe6d5-92d0-499a-9ab2-25e1d2c59969","side":"buy","size":"0.01506475","price":"14105.54000000","product_id":"BTC-USD","sequence":4693650186,"time":"2017-12-28T14:07:29.873000Z"}
2017-12-28 07:07:43 DEBUG => topic: Trade Logic msg: Got a message that wasn't a match: {"type":"subscriptions","channels":[{"name":"user","product_ids":["BTC-USD"]},{"name":"matches","product_ids":["BTC-USD"]}]}
2017-12-28 11:05:08 ERROR => topic: Websocket Error msg: websocket closed unexpectedly with data: undefined. Attempting to re-connect.
2017-12-28 11:05:08 DEBUG => topic: Trade Logic msg: Got a message that wasn't a match: {"type":"last_match","trade_id":30939797,"maker_order_id":"6e64af34-4610-4a0d-8902-c839d31ff928","taker_order_id":"9763a6ba-48cf-41ef-be15-9f19a9a724ea","side":"sell","size":"0.03536543","price":"14102.84000000","product_id":"BTC-USD","sequence":4695344990,"time":"2017-12-28T18:05:07.627000Z"}
2017-12-28 11:05:08 DEBUG => topic: Trade Logic msg: Got a message that wasn't a match: {"type":"subscriptions","channels":[{"name":"user","product_ids":["BTC-USD"]},{"name":"matches","product_ids":["BTC-USD"]}]}
2017-12-28 13:12:16 ERROR => topic: Websocket Error msg: websocket closed unexpectedly with data: undefined. Attempting to re-connect.
2017-12-28 13:12:16 DEBUG => topic: Trade Logic msg: Got a message that wasn't a match: {"type":"last_match","trade_id":30962590,"maker_order_id":"745fd79f-c075-4d98-b3f9-8f7b0e18921a","taker_order_id":"bbce8500-e43b-4c77-a011-b78ae6fca904","side":"buy","size":"1.06024360","price":"13980.16000000","product_id":"BTC-USD","sequence":4696324835,"time":"2017-12-28T20:12:15.950000Z"}
2017-12-28 13:12:16 DEBUG => topic: Trade Logic msg: Got a message that wasn't a match: {"type":"subscriptions","channels":[{"name":"user","product_ids":["BTC-USD"]},{"name":"matches","product_ids":["BTC-USD"]}]}
2017-12-28 13:58:09 ERROR => topic: Websocket Error msg: websocket closed unexpectedly with data: undefined. Attempting to re-connect.
2017-12-28 13:58:09 DEBUG => topic: Trade Logic msg: Got a message that wasn't a match: {"type":"last_match","trade_id":30966339,"maker_order_id":"72f95e72-26eb-4d15-957a-ccdec9b9b303","taker_order_id":"7282c4e3-a796-46fb-a571-f2b2ad700765","side":"sell","size":"0.00071915","price":"13905.28000000","product_id":"BTC-USD","sequence":4696696478,"time":"2017-12-28T20:58:09.380000Z"}
2017-12-28 13:58:09 DEBUG => topic: Trade Logic msg: Got a message that wasn't a match: {"type":"subscriptions","channels":[{"name":"user","product_ids":["BTC-USD"]},{"name":"matches","product_ids":["BTC-USD"]}]}
2017-12-28 15:08:57 ERROR => topic: Websocket Error msg: websocket closed unexpectedly with data: undefined. Attempting to re-connect.
2017-12-28 15:08:58 DEBUG => topic: Trade Logic msg: Got a message that wasn't a match: {"type":"last_match","trade_id":30973632,"maker_order_id":"f0904e25-de1d-4dc7-a348-828e4ed01969","taker_order_id":"a9dd8e44-0e2b-4a4c-af0f-fd2b834f34d2","side":"sell","size":"1.11810000","price":"13995.00000000","product_id":"BTC-USD","sequence":4697189625,"time":"2017-12-28T22:08:54.796000Z"}
2017-12-28 15:08:58 DEBUG => topic: Trade Logic msg: Got a message that wasn't a match: {"type":"subscriptions","channels":[{"name":"user","product_ids":["BTC-USD"]},{"name":"matches","product_ids":["BTC-USD"]}]}
2017-12-28 16:38:44 INFO => topic: Trade Logic msg: Executing a 'buy' order at: 14259.8
2017-12-28 17:29:32 ERROR => topic: Websocket Error msg: websocket closed unexpectedly with data: undefined. Attempting to re-connect.
2017-12-28 17:29:32 DEBUG => topic: Trade Logic msg: Got a message that wasn't a match: {"type":"last_match","trade_id":30988310,"maker_order_id":"146387f1-ece3-45df-bd55-893b407cd2be","taker_order_id":"d7bdaabd-f075-4ba2-9986-e7c91dc03868","side":"sell","size":"0.01931300","price":"14304.32000000","product_id":"BTC-USD","sequence":4698249585,"time":"2017-12-29T00:29:32.265000Z"}
2017-12-28 17:29:32 DEBUG => topic: Trade Logic msg: Got a message that wasn't a match: {"type":"subscriptions","channels":[{"name":"user","product_ids":["BTC-USD"]},{"name":"matches","product_ids":["BTC-USD"]}]}
2017-12-28 18:05:59 ERROR => topic: Websocket Error msg: websocket closed unexpectedly with data: undefined. Attempting to re-connect.
2017-12-28 18:05:59 DEBUG => topic: Trade Logic msg: Got a message that wasn't a match: {"type":"last_match","trade_id":30991782,"maker_order_id":"baa524d3-d167-4309-b924-b3858661afb3","taker_order_id":"3ccca85a-3ecd-4028-a4dc-9114b052b087","side":"sell","size":"0.06960969","price":"14329.99000000","product_id":"BTC-USD","sequence":4698492978,"time":"2017-12-29T01:05:47.427000Z"}
2017-12-28 18:05:59 DEBUG => topic: Trade Logic msg: Got a message that wasn't a match: {"type":"subscriptions","channels":[{"name":"user","product_ids":["BTC-USD"]},{"name":"matches","product_ids":["BTC-USD"]}]}
2017-12-28 22:51:55 ERROR => topic: Websocket Error msg: websocket closed unexpectedly with data: undefined. Attempting to re-connect.
2017-12-28 22:51:55 DEBUG => topic: Trade Logic msg: Got a message that wasn't a match: {"type":"last_match","trade_id":31022769,"maker_order_id":"277cf75c-d6f5-41f4-b3dc-8f8de0725aac","taker_order_id":"53913903-f48d-434b-a1fb-635b32e41684","side":"sell","size":"0.00006676","price":"14940.01000000","product_id":"BTC-USD","sequence":4700554317,"time":"2017-12-29T05:51:52.589000Z"}
2017-12-28 22:51:55 DEBUG => topic: Trade Logic msg: Got a message that wasn't a match: {"type":"subscriptions","channels":[{"name":"user","product_ids":["BTC-USD"]},{"name":"matches","product_ids":["BTC-USD"]}]}
2017-12-29 00:26:24 ERROR => topic: Websocket Error msg: websocket closed unexpectedly with data: undefined. Attempting to re-connect.
2017-12-29 00:26:24 DEBUG => topic: Trade Logic msg: Got a message that wasn't a match: {"type":"last_match","trade_id":31031203,"maker_order_id":"b8afea58-1e2f-46b9-9249-718895db4a00","taker_order_id":"1427dc8d-23a4-4709-8c28-474a4ecb0711","side":"buy","size":"0.27228416","price":"14627.42000000","product_id":"BTC-USD","sequence":4701219738,"time":"2017-12-29T07:26:18.741000Z"}
2017-12-29 00:26:24 DEBUG => topic: Trade Logic msg: Got a message that wasn't a match: {"type":"subscriptions","channels":[{"name":"user","product_ids":["BTC-USD"]},{"name":"matches","product_ids":["BTC-USD"]}]}
2017-12-29 02:32:22 INFO => topic: Trade Logic msg: Executing a 'sell' order at: 14353.99
2017-12-29 08:17:28 ERROR => topic: Websocket Error msg: websocket closed unexpectedly with data: undefined. Attempting to re-connect.
2017-12-29 08:17:28 DEBUG => topic: Trade Logic msg: Got a message that wasn't a match: {"type":"last_match","trade_id":31070950,"maker_order_id":"7c452d8c-2c4d-40a5-a8c0-7a8aaa4c01b2","taker_order_id":"ad25354e-9db0-4743-b1c8-aa744522c085","side":"sell","size":"0.08987644","price":"14400.01000000","product_id":"BTC-USD","sequence":4704989634,"time":"2017-12-29T15:17:25.562000Z"}
2017-12-29 08:17:28 DEBUG => topic: Trade Logic msg: Got a message that wasn't a match: {"type":"subscriptions","channels":[{"name":"user","product_ids":["BTC-USD"]},{"name":"matches","product_ids":["BTC-USD"]}]}
2017-12-29 08:43:12 INFO => topic: Trade Logic msg: Executing a 'buy' order at: 14545
2017-12-29 12:47:59 ERROR => topic: Websocket Error msg: websocket closed unexpectedly with data: undefined. Attempting to re-connect.
2017-12-29 12:47:59 DEBUG => topic: Trade Logic msg: Got a message that wasn't a match: {"type":"last_match","trade_id":31098539,"maker_order_id":"5137e1c1-e334-4b1a-b988-b0184d541c68","taker_order_id":"b82e64f3-84b1-4796-b690-7c684fb768d4","side":"sell","size":"0.02000000","price":"14614.08000000","product_id":"BTC-USD","sequence":4707129168,"time":"2017-12-29T19:47:55.692000Z"}
2017-12-29 12:47:59 DEBUG => topic: Trade Logic msg: Got a message that wasn't a match: {"type":"subscriptions","channels":[{"name":"user","product_ids":["BTC-USD"]},{"name":"matches","product_ids":["BTC-USD"]}]}
2017-12-29 14:11:55 ERROR => topic: Websocket Error msg: websocket closed unexpectedly with data: undefined. Attempting to re-connect.
2017-12-29 14:11:55 DEBUG => topic: Trade Logic msg: Got a message that wasn't a match: {"type":"last_match","trade_id":31107769,"maker_order_id":"b181d908-3573-4336-b65e-419ba3169477","taker_order_id":"a40d0c7a-f77c-42e4-8bf8-2f63a883afd8","side":"sell","size":"0.01375991","price":"14498.73000000","product_id":"BTC-USD","sequence":4707674104,"time":"2017-12-29T21:11:54.036000Z"}
2017-12-29 14:11:55 DEBUG => topic: Trade Logic msg: Got a message that wasn't a match: {"type":"subscriptions","channels":[{"name":"user","product_ids":["BTC-USD"]},{"name":"matches","product_ids":["BTC-USD"]}]}
2017-12-29 14:26:36 INFO => topic: Trade Logic msg: Executing a 'sell' order at: 14444.82
2017-12-29 14:46:29 ERROR => topic: Websocket Error msg: websocket closed unexpectedly with data: undefined. Attempting to re-connect.
2017-12-29 14:46:29 DEBUG => topic: Trade Logic msg: Got a message that wasn't a match: {"type":"last_match","trade_id":31111801,"maker_order_id":"b920471e-ed20-49b9-8fa9-aad101d1b639","taker_order_id":"c5af7a3d-7c1d-4243-a6fc-18b549ad7ed9","side":"sell","size":"0.00693595","price":"14381.68000000","product_id":"BTC-USD","sequence":4707871509,"time":"2017-12-29T21:46:25.317000Z"}
2017-12-29 14:46:29 DEBUG => topic: Trade Logic msg: Got a message that wasn't a match: {"type":"subscriptions","channels":[{"name":"user","product_ids":["BTC-USD"]},{"name":"matches","product_ids":["BTC-USD"]}]}
2017-12-29 15:26:58 ERROR => topic: Websocket Error msg: websocket closed unexpectedly with data: undefined. Attempting to re-connect.
2017-12-29 15:26:58 DEBUG => topic: Trade Logic msg: Got a message that wasn't a match: {"type":"last_match","trade_id":31114494,"maker_order_id":"2f760d96-8087-4e2e-8d8f-0c582dc13948","taker_order_id":"b3001f4b-71b2-4beb-bc21-b9a3a545f671","side":"sell","size":"0.00273382","price":"14507.00000000","product_id":"BTC-USD","sequence":4708032551,"time":"2017-12-29T22:26:57.860000Z"}
2017-12-29 15:26:58 DEBUG => topic: Trade Logic msg: Got a message that wasn't a match: {"type":"subscriptions","channels":[{"name":"user","product_ids":["BTC-USD"]},{"name":"matches","product_ids":["BTC-USD"]}]}
2017-12-29 16:03:15 INFO => topic: Trade Logic msg: Executing a 'buy' order at: 14620
2017-12-29 17:48:37 INFO => topic: Trade Logic msg: Executing a 'sell' order at: 14364.51
2017-12-29 22:30:04 ERROR => topic: Websocket Error msg: websocket closed unexpectedly with data: undefined. Attempting to re-connect.
2017-12-29 22:30:04 DEBUG => topic: Trade Logic msg: Got a message that wasn't a match: {"type":"last_match","trade_id":31196034,"maker_order_id":"9c2ce578-7ac5-40a6-89e1-4c1c5281efd0","taker_order_id":"de1bd124-01a6-4ff0-a182-d28144cd6d50","side":"sell","size":"0.05892414","price":"13796.85000000","product_id":"BTC-USD","sequence":4711821401,"time":"2017-12-30T05:30:03.314000Z"}
2017-12-29 22:30:04 DEBUG => topic: Trade Logic msg: Got a message that wasn't a match: {"type":"subscriptions","channels":[{"name":"user","product_ids":["BTC-USD"]},{"name":"matches","product_ids":["BTC-USD"]}]}
2017-12-30 01:33:13 ERROR => topic: Websocket Error msg: websocket closed unexpectedly with data: undefined. Attempting to re-connect.
2017-12-30 01:33:13 DEBUG => topic: Trade Logic msg: Got a message that wasn't a match: {"type":"last_match","trade_id":31211579,"maker_order_id":"3915677d-b05d-4a45-93d7-f559649d2144","taker_order_id":"105723b3-2140-474e-816b-02a8de90fb8e","side":"buy","size":"0.10000000","price":"14041.99000000","product_id":"BTC-USD","sequence":4713171747,"time":"2017-12-30T08:33:11.489000Z"}
2017-12-30 01:33:13 DEBUG => topic: Trade Logic msg: Got a message that wasn't a match: {"type":"subscriptions","channels":[{"name":"user","product_ids":["BTC-USD"]},{"name":"matches","product_ids":["BTC-USD"]}]}
2017-12-30 08:30:20 ERROR => topic: Websocket Error msg: websocket closed unexpectedly with data: undefined. Attempting to re-connect.
2017-12-30 08:30:21 DEBUG => topic: Trade Logic msg: Got a message that wasn't a match: {"type":"last_match","trade_id":31274233,"maker_order_id":"17f74ce8-3c66-475c-a290-09b471b58b20","taker_order_id":"d02760be-1273-43fb-98df-40ef0722832b","side":"sell","size":"0.01391043","price":"13137.03000000","product_id":"BTC-USD","sequence":4717118236,"time":"2017-12-30T15:30:20.869000Z"}
2017-12-30 08:30:21 DEBUG => topic: Trade Logic msg: Got a message that wasn't a match: {"type":"subscriptions","channels":[{"name":"user","product_ids":["BTC-USD"]},{"name":"matches","product_ids":["BTC-USD"]}]}
2017-12-30 08:30:24 ERROR => topic: Websocket Error msg: websocket closed unexpectedly with data: undefined. Attempting to re-connect.
2017-12-30 08:30:25 DEBUG => topic: Trade Logic msg: Got a message that wasn't a match: {"type":"last_match","trade_id":31274238,"maker_order_id":"30083697-8ee3-4d7d-811e-e84ed6ca214a","taker_order_id":"ab447816-9097-4131-8322-8689175cc9ed","side":"buy","size":"0.05670000","price":"13137.01000000","product_id":"BTC-USD","sequence":4717118483,"time":"2017-12-30T15:30:25.688000Z"}
2017-12-30 08:30:25 DEBUG => topic: Trade Logic msg: Got a message that wasn't a match: {"type":"subscriptions","channels":[{"name":"user","product_ids":["BTC-USD"]},{"name":"matches","product_ids":["BTC-USD"]}]}
2017-12-30 20:26:18 INFO => topic: Trade Logic msg: Executing a 'buy' order at: 13301
2017-12-30 21:16:53 INFO => topic: Trade Logic msg: Executing a 'sell' order at: 13094.27
2017-12-31 04:59:51 INFO => topic: Trade Logic msg: Executing a 'buy' order at: 13140.29
